<?xml version="1.0" encoding="UTF-8"?>
<testsuite xmlns:xsi="http://www.w3.org/2001/XMLSchema-instance" xsi:noNamespaceSchemaLocation="https://maven.apache.org/surefire/maven-surefire-plugin/xsd/surefire-test-report.xsd" name="com.jotalml.utils.validator.impl.BooleanValidatorTest" time="0.068" tests="18" errors="0" skipped="0" failures="0">
  <properties>
[...]
</properties>
  <testcase name="booleanValidator_ShouldReturnFalse_WhenFieldValueIsNotValidAndNotRequired{String}[1]" classname="com.jotalml.utils.validator.impl.BooleanValidatorTest" time="0.003"/>
  <testcase name="booleanValidator_ShouldReturnFalse_WhenFieldValueIsNotValidAndNotRequired{String}[2]" classname="com.jotalml.utils.validator.impl.BooleanValidatorTest" time="0.002"/>
  <testcase name="booleanValidator_ShouldReturnFalse_WhenFieldValueIsNotValidAndNotRequired{String}[3]" classname="com.jotalml.utils.validator.impl.BooleanValidatorTest" time="0.002"/>
  <testcase name="booleanValidator_ShouldReturnFalse_WhenFieldValueIsNotValidAndNotRequired{String}[4]" classname="com.jotalml.utils.validator.impl.BooleanValidatorTest" time="0.002"/>
  <testcase name="booleanValidator_ShouldReturnFalse_WhenFieldValueIsNotValidAndNotRequired{String}[5]" classname="com.jotalml.utils.validator.impl.BooleanValidatorTest" time="0.002"/>
  <testcase name="booleanValidator_ShouldReturnFalse_WhenFieldValueIsNotValidAndNotRequired{String}[6]" classname="com.jotalml.utils.validator.impl.BooleanValidatorTest" time="0.002"/>
  <testcase name="booleanValidator_ShouldReturnTrue_WhenFieldValueIsNotValidAndNotRequired{String}[1]" classname="com.jotalml.utils.validator.impl.BooleanValidatorTest" time="0.002"/>
  <testcase name="booleanValidator_ShouldReturnTrue_WhenFieldValueIsNotValidAndNotRequired{String}[2]" classname="com.jotalml.utils.validator.impl.BooleanValidatorTest" time="0.003"/>
  <testcase name="booleanValidator_ShouldReturnTrue_WhenFieldValueIsNotValidAndNotRequired{String}[3]" classname="com.jotalml.utils.validator.impl.BooleanValidatorTest" time="0.008"/>
  <testcase name="booleanValidator_ShouldReturnFalse_WhenFieldValueIsNotValidAndRequired{String}[1]" classname="com.jotalml.utils.validator.impl.BooleanValidatorTest" time="0.002"/>
  <testcase name="booleanValidator_ShouldReturnFalse_WhenFieldValueIsNotValidAndRequired{String}[2]" classname="com.jotalml.utils.validator.impl.BooleanValidatorTest" time="0.002"/>
  <testcase name="booleanValidator_ShouldReturnFalse_WhenFieldValueIsNotValidAndRequired{String}[3]" classname="com.jotalml.utils.validator.impl.BooleanValidatorTest" time="0.003"/>
  <testcase name="booleanValidator_ShouldReturnFalse_WhenFieldValueIsNotValidAndRequired{String}[4]" classname="com.jotalml.utils.validator.impl.BooleanValidatorTest" time="0.003"/>
  <testcase name="booleanValidator_ShouldReturnFalse_WhenFieldValueIsNotValidAndRequired{String}[5]" classname="com.jotalml.utils.validator.impl.BooleanValidatorTest" time="0.003"/>
  <testcase name="booleanValidator_ShouldReturnFalse_WhenFieldValueIsNotValidAndRequired{String}[6]" classname="com.jotalml.utils.validator.impl.BooleanValidatorTest" time="0.003"/>
  <testcase name="booleanValidator_ShouldReturnFalse_WhenFieldValueIsNotValidAndRequired{String}[7]" classname="com.jotalml.utils.validator.impl.BooleanValidatorTest" time="0.003"/>
  <testcase name="booleanValidator_ShouldReturnTrue_WhenFieldValueIsValidAndRequired{String}[1]" classname="com.jotalml.utils.validator.impl.BooleanValidatorTest" time="0.002"/>
  <testcase name="booleanValidator_ShouldReturnTrue_WhenFieldValueIsValidAndRequired{String}[2]" classname="com.jotalml.utils.validator.impl.BooleanValidatorTest" time="0.002"/>
</testsuite>